#0 building with "desktop-linux" instance using docker driver

#1 [internal] load build definition from Dockerfile
#1 transferring dockerfile: 1.19kB done
#1 DONE 0.0s

#2 [internal] load metadata for docker.io/library/node:20-alpine
#2 DONE 0.2s

#3 [internal] load .dockerignore
#3 transferring context: 238B done
#3 DONE 0.0s

#4 [internal] load build context
#4 DONE 0.0s

#5 [deps 1/5] FROM docker.io/library/node:20-alpine@sha256:fb4cd12c85ee03686f6af5362a0b0d56d50c58a04632e6c0fb8363f609372293
#5 resolve docker.io/library/node:20-alpine@sha256:fb4cd12c85ee03686f6af5362a0b0d56d50c58a04632e6c0fb8363f609372293 0.1s done
#5 DONE 0.1s

#4 [internal] load build context
#4 transferring context: 8.53kB 0.0s done
#4 DONE 0.1s

#6 [deps 4/5] COPY package.json package-lock.json* ./
#6 CACHED

#7 [deps 5/5] RUN npm ci
#7 CACHED

#8 [builder 2/5] WORKDIR /app
#8 CACHED

#9 [deps 2/5] RUN apk add --no-cache libc6-compat
#9 CACHED

#10 [deps 3/5] WORKDIR /app
#10 CACHED

#11 [builder 3/5] COPY --from=deps /app/node_modules ./node_modules
#11 CACHED

#12 [builder 4/5] COPY . .
#12 DONE 0.1s

#13 [builder 5/5] RUN npm run build
#13 0.576 
#13 0.576 > theomnistack@0.1.0 build
#13 0.576 > next build
#13 0.576 
#13 1.044 ▲ Next.js 16.2.4 (Turbopack)
#13 1.045 
#13 1.073   Creating an optimized production build ...
#13 5.105 ✓ Compiled successfully in 3.8s
#13 5.162   Running TypeScript ...
#13 9.612 Failed to type check.
#13 9.612 
#13 9.612 ./src/app/actions/manual-invoice.ts:162:27
#13 9.612 Type error: Property 'id' does not exist on type '{ name: string; street: string; zip: string; city: string; country: string; email?: string | undefined; vatId?: string | undefined; customerNumber?: string | undefined; }'.
#13 9.612 
#13 9.612   [90m160 |[0m     [36mif[0m (data.customer.name?.trim()) {
#13 9.612   [90m161 |[0m       [36mconst[0m custResult = [36mawait[0m saveCustomerAction({
#13 9.612 [31m[1m>[0m [90m162 |[0m         id: data.customer.id,
#13 9.612   [90m    |[0m                           [31m[1m^[0m
#13 9.612   [90m163 |[0m         name: data.customer.name,
#13 9.612   [90m164 |[0m         email: data.customer.email,
#13 9.612   [90m165 |[0m         street: data.customer.street,
#13 9.651 Next.js build worker exited with code: 1 and signal: null
#13 9.690 npm notice
#13 9.690 npm notice New major version of npm available! 10.8.2 -> 11.14.1
#13 9.690 npm notice Changelog: https://github.com/npm/cli/releases/tag/v11.14.1
#13 9.690 npm notice To update run: npm install -g npm@11.14.1
#13 9.690 npm notice
#13 ERROR: process "/bin/sh -c npm run build" did not complete successfully: exit code: 1
------
 > [builder 5/5] RUN npm run build:
9.612   [90m    |[0m                           [31m[1m^[0m
9.612   [90m163 |[0m         name: data.customer.name,
9.612   [90m164 |[0m         email: data.customer.email,
9.612   [90m165 |[0m         street: data.customer.street,
9.651 Next.js build worker exited with code: 1 and signal: null
9.690 npm notice
9.690 npm notice New major version of npm available! 10.8.2 -> 11.14.1
9.690 npm notice Changelog: https://github.com/npm/cli/releases/tag/v11.14.1
9.690 npm notice To update run: npm install -g npm@11.14.1
9.690 npm notice
------

 [33m4 warnings found (use docker --debug to expand):
[0m - LegacyKeyValueFormat: "ENV key=value" should be used instead of legacy "ENV key value" format (line 26)
 - LegacyKeyValueFormat: "ENV key=value" should be used instead of legacy "ENV key value" format (line 44)
 - LegacyKeyValueFormat: "ENV key=value" should be used instead of legacy "ENV key value" format (line 17)
 - LegacyKeyValueFormat: "ENV key=value" should be used instead of legacy "ENV key value" format (line 25)
Dockerfile:19
--------------------
  17 |     ENV NEXT_TELEMETRY_DISABLED 1
  18 |     
  19 | >>> RUN npm run build
  20 |     
  21 |     # --- Stage 3: Runner ---
--------------------
ERROR: failed to build: failed to solve: process "/bin/sh -c npm run build" did not complete successfully: exit code: 1
